c:\users\zigav\source\repos\gameengine\gameengine\x64\debug\vc143.pdb
c:\users\zigav\source\repos\gameengine\gameengine\x64\debug\vc143.idb
c:\users\zigav\source\repos\gameengine\gameengine\x64\debug\render.obj
c:\users\zigav\source\repos\gameengine\gameengine\x64\debug\gameengine.obj
c:\users\zigav\source\repos\gameengine\gameengine\x64\debug\vector2d.obj
c:\users\zigav\source\repos\gameengine\gameengine\x64\debug\simulation.obj
c:\users\zigav\source\repos\gameengine\gameengine\x64\debug\configsystem.obj
c:\users\zigav\source\repos\gameengine\x64\debug\gameengine.exe
c:\users\zigav\source\repos\gameengine\gameengine\x64\debug\gameengine.ilk
c:\users\zigav\source\repos\gameengine\x64\debug\gameengine.pdb
c:\users\zigav\source\repos\gameengine\gameengine\x64\debug\gameengine.res
c:\users\zigav\source\repos\gameengine\gameengine\x64\debug\drawing.obj
c:\users\zigav\source\repos\gameengine\gameengine\x64\debug\simulate.obj
c:\users\zigav\source\repos\gameengine\gameengine\x64\debug\gameengine.tlog\cl.command.1.tlog
c:\users\zigav\source\repos\gameengine\gameengine\x64\debug\gameengine.tlog\cl.read.1.tlog
c:\users\zigav\source\repos\gameengine\gameengine\x64\debug\gameengine.tlog\cl.write.1.tlog
c:\users\zigav\source\repos\gameengine\gameengine\x64\debug\gameengine.tlog\link.command.1.tlog
c:\users\zigav\source\repos\gameengine\gameengine\x64\debug\gameengine.tlog\link.read.1.tlog
c:\users\zigav\source\repos\gameengine\gameengine\x64\debug\gameengine.tlog\link.write.1.tlog
c:\users\zigav\source\repos\gameengine\gameengine\x64\debug\gameengine.tlog\rc.command.1.tlog
c:\users\zigav\source\repos\gameengine\gameengine\x64\debug\gameengine.tlog\rc.read.1.tlog
c:\users\zigav\source\repos\gameengine\gameengine\x64\debug\gameengine.tlog\rc.write.1.tlog
